2025-08-15 20:19:56 [INFO] [TIMER] Début de 'Génération lots EN'
2025-08-15 20:19:56 [INFO] Lot généré : C:\Users\maxam\Desktop\trans_sent\translations\batches\en_batch_0001.parquet (50 phrases)
2025-08-15 20:19:56 [INFO] Lot généré : C:\Users\maxam\Desktop\trans_sent\translations\batches\en_batch_0002.parquet (50 phrases)
2025-08-15 20:19:56 [INFO] Lot généré : C:\Users\maxam\Desktop\trans_sent\translations\batches\en_batch_0003.parquet (50 phrases)
2025-08-15 20:19:56 [INFO] Lot généré : C:\Users\maxam\Desktop\trans_sent\translations\batches\en_batch_0004.parquet (50 phrases)
2025-08-15 20:19:56 [INFO] Lot généré : C:\Users\maxam\Desktop\trans_sent\translations\batches\en_batch_0005.parquet (50 phrases)
2025-08-15 20:19:56 [INFO] Lot généré : C:\Users\maxam\Desktop\trans_sent\translations\batches\en_batch_0006.parquet (50 phrases)
2025-08-15 20:19:56 [INFO] Lot généré : C:\Users\maxam\Desktop\trans_sent\translations\batches\en_batch_0007.parquet (5 phrases)
2025-08-15 20:19:56 [INFO] Meta batch_info.parquet généré : C:\Users\maxam\Desktop\trans_sent\translations\meta\batch_info.parquet
2025-08-15 20:19:56 [INFO] [TIMER] Fin de 'Génération lots EN' : 0.047 secondes
2025-08-15 20:19:56 [INFO] [ÉTAPE 5] 2 lot(s) à traiter : ['batch_0001', 'batch_0002']
2025-08-15 20:19:56 [INFO] --- Démarrage de la pipeline automatisée ---
2025-08-15 20:19:56 [INFO] [TIMER] Début de 'Prétraitement'
2025-08-15 20:19:56 [INFO] Prétraitement du lot : C:\Users\maxam\Desktop\trans_sent\translations\batches\en_batch_0001.parquet
2025-08-15 20:19:56 [INFO] Prétraitement terminé pour en_batch_0001.parquet
2025-08-15 20:19:56 [INFO] [TIMER] Fin de 'Prétraitement' : 0.017 secondes
2025-08-15 20:19:56 [INFO] Arrêt demandé après prétraitement du lot batch_0001.
2025-08-15 20:19:56 [INFO] [TIMER] Début de 'Prétraitement'
2025-08-15 20:19:56 [INFO] Prétraitement du lot : C:\Users\maxam\Desktop\trans_sent\translations\batches\en_batch_0002.parquet
2025-08-15 20:19:56 [INFO] Prétraitement terminé pour en_batch_0002.parquet
2025-08-15 20:19:56 [INFO] [TIMER] Fin de 'Prétraitement' : 0.009 secondes
2025-08-15 20:19:56 [INFO] Arrêt demandé après prétraitement du lot batch_0002.
2025-08-15 20:19:56 [INFO] --- Pipeline terminée avec succès ---
